<?xml version="1.0" encoding="utf-8"?><testsuites name="pytest tests"><testsuite name="pytest" errors="0" failures="0" skipped="0" tests="28" time="3.500" timestamp="2026-07-08T20:11:26.867088+00:00" hostname="agent-env-f980ba12-310d-4da0-af8b-daed96efb447"><testcase classname="backend.tests.backend_test.TestAuth" name="test_send_otp" time="0.244" /><testcase classname="backend.tests.backend_test.TestAuth" name="test_verify_otp_invalid_length" time="0.055" /><testcase classname="backend.tests.backend_test.TestAuth" name="test_verify_otp_non_digit" time="0.061" /><testcase classname="backend.tests.backend_test.TestAuth" name="test_new_customer_created" time="0.053" /><testcase classname="backend.tests.backend_test.TestAuth" name="test_packer_role" time="0.112" /><testcase classname="backend.tests.backend_test.TestAuth" name="test_runner_role" time="0.099" /><testcase classname="backend.tests.backend_test.TestAuth" name="test_me_endpoint" time="0.156" /><testcase classname="backend.tests.backend_test.TestAuth" name="test_me_unauthorized" time="0.047" /><testcase classname="backend.tests.backend_test.TestProducts" name="test_categories" time="0.049" /><testcase classname="backend.tests.backend_test.TestProducts" name="test_list_products" time="0.049" /><testcase classname="backend.tests.backend_test.TestProducts" name="test_list_products_by_category" time="0.049" /><testcase classname="backend.tests.backend_test.TestProducts" name="test_list_products_search" time="0.047" /><testcase classname="backend.tests.backend_test.TestProducts" name="test_trending" time="0.267" /><testcase classname="backend.tests.backend_test.TestProducts" name="test_get_product_by_id" time="0.103" /><testcase classname="backend.tests.backend_test.TestProducts" name="test_get_product_not_found" time="0.048" /><testcase classname="backend.tests.backend_test.TestPromo" name="test_ryppl20" time="0.052" /><testcase classname="backend.tests.backend_test.TestPromo" name="test_welcome5" time="0.057" /><testcase classname="backend.tests.backend_test.TestPromo" name="test_snack10" time="0.060" /><testcase classname="backend.tests.backend_test.TestPromo" name="test_invalid_promo" time="0.049" /><testcase classname="backend.tests.backend_test.TestOrders" name="test_create_order_and_persist" time="0.188" /><testcase classname="backend.tests.backend_test.TestOrders" name="test_list_my_orders" time="0.050" /><testcase classname="backend.tests.backend_test.TestOrders" name="test_points_awarded" time="0.212" /><testcase classname="backend.tests.backend_test.TestEmployeeFlow" name="test_queue_requires_employee" time="0.056" /><testcase classname="backend.tests.backend_test.TestEmployeeFlow" name="test_packer_queue" time="0.163" /><testcase classname="backend.tests.backend_test.TestEmployeeFlow" name="test_runner_queue" time="0.149" /><testcase classname="backend.tests.backend_test.TestEmployeeFlow" name="test_employee_map" time="0.053" /><testcase classname="backend.tests.backend_test.TestEmployeeFlow" name="test_full_lifecycle" time="0.565" /><testcase classname="backend.tests.backend_test.TestEmployeeFlow" name="test_wrong_role_advance_forbidden" time="0.304" /></testsuite></testsuites>